make.exe all --print-data-base --no-builtin-variables --no-builtin-rules --question
# GNU Make 4.3
# Built for Windows32
# Copyright (C) 1988-2020 Free Software Foundation, Inc.
# License GPLv3+: GNU GPL version 3 or later <http://gnu.org/licenses/gpl.html>
# This is free software: you are free to change and redistribute it.
# There is NO WARRANTY, to the extent permitted by law.

# Make data base, printed on Mon Jun 27 08:53:55 2022

# Variables

# environment
FPS_BROWSER_APP_PROFILE_STRING = Internet Explorer
# environment
SYSTEMDRIVE = C:
# makefile (from 'Makefile', line 18)
OBJ = $(SRC:$(SRCDIR)/%$(EXT)=$(OBJDIR)/%.o)
# environment
LC_ALL = C
# makefile (from 'Makefile', line 17)
SRC = $(wildcard $(SRCDIR)/*$(EXT))
# makefile (from 'Makefile', line 12)
EXT = .cpp
# makefile (from 'Makefile', line 26)
WDELOBJ = $(SRC:$(SRCDIR)/%$(EXT)=$(OBJDIR)\\%.o)
# makefile (from 'Makefile', 
 line 14)
OBJDIR = obj
# environment
USERPROFILE = C:\Users\abdul
# environment
LOCALAPPDATA = C:\Users\abdul\AppData\Local
# environment
VSCODE_IPC_HOOK_EXTHOST = \\.\pipe\vscode-ipc-547632a0-8c4f-4e7d-ac55-5e8b5affaeb3-sock
# environment
VSCODE_CWD = C:\Users\abdul\AppData\Local\Programs\Microsoft VS Code
# makefile (from 'Makefile', line 22)
DELOBJ = $(OBJ)
# environment
SYSTEMROOT = C:\Windows
# environment
PROCESSOR_LEVEL = 6
# environment
PSMODULEPATH = C:\Program Files\WindowsPowerShell\Modules;C:\Windows\system32\WindowsPowerShell\v1.0\Modules
# default
MAKE_COMMAND := make.exe
# automatic
@D = $(patsubst %/,%,$(patsubst %\,%,$(dir $@)))
# environment
CHROME_CRASHPAD_PIPE_NAME = \\.\pipe\crashpad_11700_BREAKPYLEFQTYLFN
# environment
FPS_BROWSER_USER_PROFILE_STRING = Default
# environment
VSCODE_HANDLES_UNCAUGHT_ERRORS = true
# default
.VARIABLES := 
# automatic
%D = $(patsubst %/,%,$(patsubst %\,%,$(dir $%)))
# automatic
^D = $(patsubst %/,%,$(patsubst %\,%,$(dir $^)))
# environment
VSCODE_LOG_STACK = false
# automatic
%F = $(notdir $%)
# environment
VSCODE_CODE_CACHE_PATH = C:\Users\abdul\AppData\Roaming\Code\CachedData\30d9c6cd9483b2cc586687151bcbcd635f373630
# environment
LANG = C
# default
.LOADED := 
# environment
TMP = C:\Users\abdul\AppData\Local\Temp
# default
.INCLUDE_DIRS = .
# makefile
MAKEFLAGS = pqrR
# environment
ONEDRIVE = C:\Users\abdul\OneDrive
# makefile (from 'Makefile', line 19)
DEP = $(OBJ:$(OBJDIR)/%.o=%.d)
# makefile
CURDIR := c:/Users/abdul/OneDrive/Documents/ShoppingManagmentSystem
# environment
VSCODE_PIPE_LOGGING = true
# environment
APPLICATION_INSIGHTS_NO_DIAGNOSTIC_CHANNEL = 1
# automatic
*D = $(patsubst %/,%,$(patsubst %\,%,$(dir $*)))
# environment
PROGRAMFILES = C:\Program Files
# environment
MFLAGS = -pqrR
# default
.SHELLFLAGS := -c
# environment
COMMONPROGRAMW6432 = C:\Program Files\Common Files
# automatic
+D = $(patsubst %/,%,$(patsubst %\,%,$(dir $+)))
# makefile (from 'product.d', line 1)
MAKEFILE_LIST := Makefile admin.d bill.d costumer.d loginPortal.d main.d product.d
# automatic
@F = $(notdir $@)
# environment
VSCODE_VERBOSE_LOGGING = true
# environment
VSCODE_PID = 11700
# makefile (from 'Makefile', line 11)
APPNAME = result
# automatic
?D = $(patsubst %/,%,$(patsubst %\,%,$(dir $?)))
# automatic
*F = $(notdir $*)
# automatic
<D = $(patsubst %/,%,$(patsubst %\,%,$(dir $<)))
# environment
VSCODE_NLS_CONFIG = {"locale":"en-gb","availableLanguages":{},"_languagePackSupport":true}
# environment
ONEDRIVECONSUMER = C:\Users\abdul\OneDrive
# default
MAKE_HOST := Windows32
# environment
PROGRAMDATA = C:\ProgramData
# default
SHELL := sh.exe
# environment
HOMEPATH = \Users\abdul
# default
MAKECMDGOALS := all
# environment
DRIVERDATA = C:\Windows\System32\Drivers\DriverData
# environment
COMSPEC = C:\Windows\system32\cmd.exe
# environment
WINDIR = C:\Windows
# environment
MAKELEVEL := 0
# default
MAKE = $(MAKE_COMMAND)
# environment
PATH = C:\Program Files (x86)\Intel\iCLS Client\;C:\Program Files\Intel\iCLS Client\;C:\Windows\system32;C:\Windows;C:\Windows\System32\Wbem;C:\Windows\System32\WindowsPowerShell\v1.0\;C:\Windows\System32\OpenSSH\;C:\Program Files\Intel\Intel(R) Management Engine Components\DAL;C:\Program Files\Intel\Intel(R) Management Engine Components\IPT;C:\Program Files (x86)\Intel\Intel(R) Management Engine Components\DAL;C:\Program Files (x86)\Intel\Intel(R) Management Engine Components\IPT;C:\Users\abdul\AppData\Local\Microsoft\WindowsApps;C:\MinGW\bin;;C:\Users\abdul\AppData\Local\Programs\Microsoft VS Code\bin
# environment
COMPUTERNAME = DESKTOP-TRNR585
# default
MAKEFILES := 
# automatic
^F = $(notdir $^)
# environment
PROMPT = $P$G
# environment
LOGONSERVER = \\DESKTOP-TRNR585
# environment
VSCODE_LOG_NATIVE = false
# environment
USERNAME = abdul
# environment
COMMONPROGRAMFILES = C:\Program Files\Common Files
# automatic
?F = $(notdir $?)
# environment
PROGRAMW6432 = C:\Program Files
# environment
PATHEXT = .COM;.EXE;.BAT;.CMD;.VBS;.VBE;.JS;.JSE;.WSF;.WSH;.MSC
# automatic
+F = $(notdir $+)
# environment
ORIGINAL_XDG_CURRENT_DESKTOP = undefined
# environment
USERDOMAIN = DESKTOP-TRNR585
# 'override' directive
GNUMAKEFLAGS := 
# environment
OS = Windows_NT
# makefile (from 'Makefile', line 25)
EXE = .exe
# makefile
.DEFAULT_GOAL := all
# makefile (from 'Makefile', line 21)
RM = rm
# default
MAKE_VERSION := 4.3
# environment
PROGRAMFILES(X86) = C:\Program Files (x86)
# makefile (from 'Makefile', line 8)
LDFLAGS = 
# makefile (from 'Makefile', line 24)
DEL = del
# environment
USERDOMAIN_ROAMINGPROFILE = DESKTOP-TRNR585
# environment
NUMBER_OF_PROCESSORS = 4
# environment
PUBLIC = C:\Users\Public
# environment
APPDATA = C:\Users\abdul\AppData\Roaming
# environment
HOMEDRIVE = C:
# environment
PROCESSOR_ARCHITECTURE = AMD64
# environment
VSCODE_AMD_ENTRYPOINT = vs/workbench/api/node/extensionHostProcess
# environment
COMMONPROGRAMFILES(X86) = C:\Program Files (x86)\Common Files
# environment
ELECTRON_RUN_AS_NODE = 1
# environment
TEMP = C:\Users\abdul\AppData\Local\Temp
# environment
VSCODE_IPC_HOOK = \\.\pipe\de5befacfecc37639fe5f4e3450c7511-1.68.1-main-sock
# makefile (from 'Makefile', line 13)
SRCDIR = src
# default
.RECIPEPREFIX := 
# automatic
<F = $(notdir $<)
# default
SUFFIXES := 
# environment
ALLUSERSPROFILE = C:\ProgramData
# environment
SESSIONNAME = Console
# makefile (from 'Makefile', line 7)
CXXFLAGS = -std=c++11 -Wall
# default
.FEATURES := target-specific order-only second-expansion else-if shortest-stem undefine oneshell nocomment grouped-target extra-prereqs archives jobserver output-sync load
# environment
PROCESSOR_REVISION = 3a09
# makefile (from 'Makefile', line 6)
CC = g++
# environment
PROCESSOR_IDENTIFIER = Intel64 Family 6 Model 58 Stepping 9, GenuineIntel
# variable set hash-table stats:
# Load=109/1024=11%, Rehash=0, Collisions=13/177=7%

# Pattern-specific Variable Values

# No pattern-specific variable values.

# Directories

# src (key c:/Users/abdul/OneDrive/Documents/ShoppingManagmentSystem/src, mtime 1656274550): 14 files, no impossibilities.
# . (key c:/Users/abdul/OneDrive/Documents/ShoppingManagmentSystem, mtime 1656314209): 15 files, no impossibilities.

# 29 files, no impossibilities in 2 directories.

# Implicit Rules

%.d: src/%.cpp
#  recipe to execute (from 'Makefile', line 40):
	@$(CPP) $(CFLAGS) $< -MM -MT $(@:%.d=$(OBJDIR)/%.o) >$@

obj/%.o: src/%.cpp
#  recipe to execute (from 'Makefile', line 47):
	$(CC) $(CXXFLAGS) -o $@ -c $<

# 2 implicit rules, 0 (0.0%) terminal.
# Files

cleandepw:
#  Phony target (prerequisite of .PHONY).
#  Implicit rule search has not been done.
#  File does not exist.
#  File has not been updated.
#  recipe to execute (from 'Makefile', line 69):
	$(DEL) $(DEP)

obj/admin.o: src/admin.cpp src/admin.cpp src/admin.h src/user.h src/product.h src/bill.h
#  Implicit rule search has been done.
#  Implicit/static pattern stem: 'admin'
#  Last modified 2022-06-27 05:20:40
#  File has been updated.
#  Successfully updated.
#  recipe to execute (from 'Makefile', line 47):
	$(CC) $(CXXFLAGS) -o $@ -c $<

obj/main.o: src/main.cpp src/main.cpp src/loginPortal.h src/admin.h src/user.h src/product.h src/bill.h src/costumer.h
#  Implicit rule search has been done.
#  Implicit/static pattern stem: 'main'
#  Last modified 2022-06-27 03:54:26
#  File has been updated.
#  Successfully updated.
#  recipe to execute (from 'Makefile', line 47):
	$(CC) $(CXXFLAGS) -o $@ -c $<

# Not a target:
src/user.h:
#  Implicit rule search has been done.
#  Last modified 2022-06-27 03:45:23
#  File has been updated.
#  Successfully updated.

# Not a target:
src/admin.cpp:
#  Implicit rule search has been done.
#  Last modified 2022-06-27 05:20:15
#  File has been updated.
#  Successfully updated.

cleandep:
#  Phony target (prerequisite of .PHONY).
#  Implicit rule search has not been done.
#  File does not exist.
#  File has not been updated.
#  recipe to execute (from 'Makefile', line 58):
	$(RM) $(DEP)

# Not a target:
Makefile:
#  Implicit rule search has been done.
#  Last modified 2022-06-26 13:07:08
#  File has been updated.
#  Successfully updated.

obj/loginPortal.o: src/loginPortal.cpp src/loginPortal.cpp src/loginPortal.h src/admin.h src/user.h src/product.h src/bill.h src/costumer.h
#  Implicit rule search has been done.
#  Implicit/static pattern stem: 'loginPortal'
#  Last modified 2022-06-27 03:54:26
#  File has been updated.
#  Successfully updated.
#  recipe to execute (from 'Makefile', line 47):
	$(CC) $(CXXFLAGS) -o $@ -c $<

costumer.d: src/costumer.cpp
#  Implicit rule search has been done.
#  Implicit/static pattern stem: 'costumer'
#  Last modified 2022-06-27 08:53:54
#  File has been updated.
#  Successfully updated.
#  recipe to execute (from 'Makefile', line 40):
	@$(CPP) $(CFLAGS) $< -MM -MT $(@:%.d=$(OBJDIR)/%.o) >$@

# Not a target:
src/main.cpp:
#  Implicit rule search has been done.
#  Last modified 2022-06-25 23:11:07
#  File has been updated.
#  Successfully updated.

clean:
#  Phony target (prerequisite of .PHONY).
#  Implicit rule search has not been done.
#  File does not exist.
#  File has not been updated.
#  recipe to execute (from 'Makefile', line 53):
	$(RM) $(DELOBJ) $(DEP) $(APPNAME)

product.d: src/product.cpp
#  Implicit rule search has been done.
#  Implicit/static pattern stem: 'product'
#  Last modified 2022-06-27 08:53:52
#  File has been updated.
#  Successfully updated.
#  recipe to execute (from 'Makefile', line 40):
	@$(CPP) $(CFLAGS) $< -MM -MT $(@:%.d=$(OBJDIR)/%.o) >$@

# Not a target:
src/costumer.cpp:
#  Implicit rule search has been done.
#  Last modified 2022-06-27 03:36:06
#  File has been updated.
#  Successfully updated.

bill.d: src/bill.cpp
#  Implicit rule search has been done.
#  Implicit/static pattern stem: 'bill'
#  Last modified 2022-06-27 08:53:54
#  File has been updated.
#  Successfully updated.
#  recipe to execute (from 'Makefile', line 40):
	@$(CPP) $(CFLAGS) $< -MM -MT $(@:%.d=$(OBJDIR)/%.o) >$@

# Not a target:
src/product.cpp:
#  Implicit rule search has been done.
#  Last modified 2022-06-26 18:59:03
#  File has been updated.
#  Successfully updated.

result: obj/admin.o obj/bill.o obj/costumer.o obj/loginPortal.o obj/main.o obj/product.o
#  Implicit rule search has not been done.
#  Implicit/static pattern stem: ''
#  File does not exist.
#  File has been updated.
#  Needs to be updated (-q is set).
# automatic
# @ := result
# automatic
# * := 
# automatic
# < := obj/admin.o
# automatic
# + := obj/admin.o obj/bill.o obj/costumer.o obj/loginPortal.o obj/main.o obj/product.o
# automatic
# % := 
# automatic
# ^ := obj/admin.o obj/bill.o obj/costumer.o obj/loginPortal.o obj/main.o obj/product.o
# automatic
# ? := obj/admin.o obj/bill.o obj/costumer.o obj/loginPortal.o obj/main.o obj/product.o
# automatic
# | := 
# variable set hash-table stats:
# Load=8/32=25%, Rehash=0, Collisions=2/16=12%
#  recipe to execute (from 'Makefile', line 36):
	$(CC) $(CXXFLAGS) -o $@ $^ $(LDFLAGS)

# Not a target:
src/costumer.h:
#  Implicit rule search has been done.
#  Last modified 2022-06-27 03:45:28
#  File has been updated.
#  Successfully updated.

# Not a target:
.DEFAULT:
#  Implicit rule search has not been done.
#  Modification time never checked.
#  File has not been updated.

# Not a target:
src/admin.h:
#  Implicit rule search has been done.
#  Last modified 2022-06-27 03:52:26
#  File has been updated.
#  Successfully updated.

all: result
#  Command line target.
#  Implicit rule search has been done.
#  File does not exist.
#  File has been updated.
#  Needs to be updated (-q is set).
# variable set hash-table stats:
# Load=0/32=0%, Rehash=0, Collisions=0/6=0%

# Not a target:
src/bill.h:
#  Implicit rule search has been done.
#  Last modified 2022-06-27 03:36:35
#  File has been updated.
#  Successfully updated.

obj/product.o: src/product.cpp src/product.cpp src/product.h
#  Implicit rule search has been done.
#  Implicit/static pattern stem: 'product'
#  Last modified 2022-06-26 18:59:38
#  File has been updated.
#  Successfully updated.
#  recipe to execute (from 'Makefile', line 47):
	$(CC) $(CXXFLAGS) -o $@ -c $<

# Not a target:
src/bill.cpp:
#  Implicit rule search has been done.
#  Last modified 2022-06-27 08:16:32
#  File has been updated.
#  Successfully updated.

# Not a target:
src/loginPortal.cpp:
#  Implicit rule search has been done.
#  Last modified 2022-06-25 23:11:23
#  File has been updated.
#  Successfully updated.

cleanw:
#  Phony target (prerequisite of .PHONY).
#  Implicit rule search has not been done.
#  File does not exist.
#  File has not been updated.
#  recipe to execute (from 'Makefile', line 64):
	$(DEL) $(WDELOBJ) $(DEP) $(APPNAME)$(EXE)

obj/bill.o: src/bill.cpp src/bill.cpp src/bill.h src/user.h src/product.h
#  Implicit rule search has been done.
#  Implicit/static pattern stem: 'bill'
#  Last modified 2022-06-27 08:16:49
#  File has been updated.
#  Successfully updated.
#  recipe to execute (from 'Makefile', line 47):
	$(CC) $(CXXFLAGS) -o $@ -c $<

obj/costumer.o: src/costumer.cpp src/costumer.cpp src/costumer.h src/user.h src/product.h src/bill.h
#  Implicit rule search has been done.
#  Implicit/static pattern stem: 'costumer'
#  Last modified 2022-06-27 03:45:47
#  File has been updated.
#  Successfully updated.
#  recipe to execute (from 'Makefile', line 47):
	$(CC) $(CXXFLAGS) -o $@ -c $<

main.d: src/main.cpp
#  Implicit rule search has been done.
#  Implicit/static pattern stem: 'main'
#  Last modified 2022-06-27 08:53:53
#  File has been updated.
#  Successfully updated.
#  recipe to execute (from 'Makefile', line 40):
	@$(CPP) $(CFLAGS) $< -MM -MT $(@:%.d=$(OBJDIR)/%.o) >$@

# Not a target:
src/product.h:
#  Implicit rule search has been done.
#  Last modified 2022-06-26 18:58:35
#  File has been updated.
#  Successfully updated.

admin.d: src/admin.cpp
#  Implicit rule search has been done.
#  Implicit/static pattern stem: 'admin'
#  Last modified 2022-06-27 08:53:54
#  File has been updated.
#  Successfully updated.
#  recipe to execute (from 'Makefile', line 40):
	@$(CPP) $(CFLAGS) $< -MM -MT $(@:%.d=$(OBJDIR)/%.o) >$@

# Not a target:
.SUFFIXES:
#  Implicit rule search has not been done.
#  Modification time never checked.
#  File has not been updated.

.PHONY: clean cleandep cleanw cleandepw
#  Implicit rule search has not been done.
#  Modification time never checked.
#  File has not been updated.

loginPortal.d: src/loginPortal.cpp
#  Implicit rule search has been done.
#  Implicit/static pattern stem: 'loginPortal'
#  Last modified 2022-06-27 08:53:53
#  File has been updated.
#  Successfully updated.
#  recipe to execute (from 'Makefile', line 40):
	@$(CPP) $(CFLAGS) $< -MM -MT $(@:%.d=$(OBJDIR)/%.o) >$@

# Not a target:
src/loginPortal.h:
#  Implicit rule search has been done.
#  Last modified 2022-06-25 23:05:57
#  File has been updated.
#  Successfully updated.

# files hash-table stats:
# Load=34/1024=3%, Rehash=0, Collisions=0/137=0%
# VPATH Search Paths

# No 'vpath' search paths.

# No general ('VPATH' variable) search path.

# strcache buffers: 1 (0) / strings = 63 / storage = 632 B / avg = 10 B
# current buf: size = 8162 B / used = 632 B / count = 63 / avg = 10 B

# strcache performance: lookups = 163 / hit rate = 61%
# hash-table stats:
# Load=63/8192=1%, Rehash=0, Collisions=0/163=0%
# Finished Make data base on Mon Jun 27 08:53:55 2022

 
